<?xml version="1.0" encoding="UTF-8"?>
<testsuite xmlns:xsi="http://www.w3.org/2001/XMLSchema-instance" xsi:noNamespaceSchemaLocation="https://maven.apache.org/surefire/maven-surefire-plugin/xsd/surefire-test-report-3.0.xsd" version="3.0" name="com.my.todolist.TodolistApplicationTests" time="6.151" tests="1" errors="0" skipped="0" failures="0">
  <properties>
[...]
</properties>
  <testcase name="contextLoads" classname="com.my.todolist.TodolistApplicationTests" time="1.617">
    <system-out><![CDATA[14:28:15.894 [main] INFO org.springframework.test.context.support.AnnotationConfigContextLoaderUtils -- Could not detect default configuration classes for test class [com.my.todolist.TodolistApplicationTests]: TodolistApplicationTests does not declare any static, non-private, non-final, nested classes annotated with @Configuration.
14:28:16.107 [main] INFO org.springframework.boot.test.context.SpringBootTestContextBootstrapper -- Found @SpringBootConfiguration com.my.todolist.TodolistApplication for test class com.my.todolist.TodolistApplicationTests

  .   ____          _            __ _ _
 /\\ / ___'_ __ _ _(_)_ __  __ _ \ \ \ \
( ( )\___ | '_ | '_| | '_ \/ _` | \ \ \ \
 \\/  ___)| |_)| | | | | || (_| |  ) ) ) )
  '  |____| .__|_| |_|_| |_\__, | / / / /
 =========|_|==============|___/=/_/_/_/
 :: Spring Boot ::                (v3.1.2)

2023-07-24T14:28:16.823+09:00  INFO 17332 --- [           main] c.my.todolist.TodolistApplicationTests   : Starting TodolistApplicationTests using Java 20.0.2 with PID 17332 (started by user in c:\Users\user\Desktop\첫번째\todolist)
2023-07-24T14:28:16.826+09:00  INFO 17332 --- [           main] c.my.todolist.TodolistApplicationTests   : No active profile set, falling back to 1 default profile: "default"
2023-07-24T14:28:19.871+09:00  INFO 17332 --- [           main] o.s.b.a.e.web.EndpointLinksResolver      : Exposing 1 endpoint(s) beneath base path '/actuator'
2023-07-24T14:28:19.980+09:00  INFO 17332 --- [           main] c.my.todolist.TodolistApplicationTests   : Started TodolistApplicationTests in 3.585 seconds (process running for 5.333)
]]></system-out>
  </testcase>
</testsuite>